#
# A fatal error has been detected by the Java Runtime Environment:
#
#  EXCEPTION_ACCESS_VIOLATION (0xc0000005) at pc=0x000000006d9c7fd0, pid=165344, tid=168116
#
# JRE version: 6.0_23-b05
# Java VM: Java HotSpot(TM) 64-Bit Server VM (19.0-b09 mixed mode windows-amd64 compressed oops)
# Problematic frame:
# V  [jvm.dll+0x1d7fd0]
#
# If you would like to submit a bug report, please visit:
#   http://java.sun.com/webapps/bugreport/crash.jsp
#

---------------  T H R E A D  ---------------

Current thread (0x00000000002cc000):  JavaThread "CompilerThread0" daemon [_thread_in_vm, id=168116, stack(0x0000000006480000,0x0000000006580000)]

siginfo: ExceptionCode=0xc0000005, writing address 0x0000000000c81830

Registers:
RAX=0x0000000000c81840, RBX=0x0000000000000010, RCX=0x0000000000c81830, RDX=0x0000000000000001
RSP=0x000000000657e098, RBP=0x000000000057b060, RSI=0x000000000251df00, RDI=0x00000000001ee9b0
R8=0x0000000000000000, R9=0x0000000022520c00, R10=0x00000000007ffff6, R11=0x000000000256a980
R12=0x000000000657f8f0, R13=0x00000000000003d0, R14=0x00000000002cc660, R15=0x00000000068e58c0
RIP=0x000000006d9c7fd0, EFLAGS=0x0000000000010287

Register to memory mapping:

RAX=0x0000000000c81840
0x0000000000c81840 is pointing to unknown location

RBX=0x0000000000000010
0x0000000000000010 is pointing to unknown location

RCX=0x0000000000c81830
0x0000000000c81830 is pointing to unknown location

RDX=0x0000000000000001
0x0000000000000001 is pointing to unknown location

RSP=0x000000000657e098
0x000000000657e098 is pointing into the stack for thread: 0x00000000002cc000
"CompilerThread0" daemon prio=10 tid=0x00000000002cc000 nid=0x290b4 runnable [0x0000000000000000]
   java.lang.Thread.State: RUNNABLE

RBP=0x000000000057b060
0x000000000057b060 is pointing to unknown location

RSI=0x000000000251df00
0x000000000251df00 is pointing to unknown location

RDI=0x00000000001ee9b0
0x00000000001ee9b0 is pointing to unknown location

R8 =0x0000000000000000
0x0000000000000000 is pointing to unknown location

R9 =0x0000000022520c00
0x0000000022520c00 is pointing to unknown location

R10=0x00000000007ffff6
0x00000000007ffff6 is pointing to unknown location

R11=0x000000000256a980
0x000000000256a980 is pointing to unknown location

R12=0x000000000657f8f0
0x000000000657f8f0 is pointing into the stack for thread: 0x00000000002cc000
"CompilerThread0" daemon prio=10 tid=0x00000000002cc000 nid=0x290b4 runnable [0x0000000000000000]
   java.lang.Thread.State: RUNNABLE

R13=0x00000000000003d0
0x00000000000003d0 is pointing to unknown location

R14=0x00000000002cc660
0x00000000002cc660 is pointing to unknown location

R15=0x00000000068e58c0
0x00000000068e58c0 is pointing to unknown location


Top of Stack: (sp=0x000000000657e098)
0x000000000657e098:   000000006d9c8352 000000000657f650
0x000000000657e0a8:   00000000001ee9b0 000000000057b160
0x000000000657e0b8:   0000000000000010 00000000005786b0
0x000000000657e0c8:   000000006d8ecc46 00000000002cc000
0x000000000657e0d8:   000000000057b060 00000000000003d0
0x000000000657e0e8:   00000000060c0ff0 00000000005786b0
0x000000000657e0f8:   000000006dbbe0d8 0000000000000000
0x000000000657e108:   00000000005786b0 0000000000000072
0x000000000657e118:   00000000060c0ff0 0000000000000000
0x000000000657e128:   0000000000000000 0000000000000000
0x000000000657e138:   0000000000000000 0000000000000064
0x000000000657e148:   000000006d908f9a 0000000000000000
0x000000000657e158:   0000000000000000 0000000000000000
0x000000000657e168:   0000000000000000 0000000000000000
0x000000000657e178:   000000006d93cdb9 00000000068e58c0
0x000000000657e188:   000000000057b060 00000000068e58c0 

Instructions: (pc=0x000000006d9c7fd0)
0x000000006d9c7fc0:   28 ba 01 00 00 00 66 66 66 90 66 66 90 66 66 90
0x000000006d9c7fd0:   44 88 01 41 ff c0 48 ff c1 41 81 f8 ff 00 00 00 


Stack: [0x0000000006480000,0x0000000006580000],  sp=0x000000000657e098,  free space=1016k
Native frames: (J=compiled Java code, j=interpreted, Vv=VM code, C=native code)
V  [jvm.dll+0x1d7fd0]


Current CompileTask:
C2:101      java.util.EnumMap.get(Ljava/lang/Object;)Ljava/lang/Object; (29 bytes)


---------------  P R O C E S S  ---------------

Java Threads: ( => current thread )
  0x0000000006888800 JavaThread "Java Sound Event Dispatcher" daemon [_thread_blocked, id=167672, stack(0x0000000008170000,0x0000000008270000)]
  0x00000000060d0800 JavaThread "Low Memory Detector" daemon [_thread_blocked, id=167996, stack(0x0000000006680000,0x0000000006780000)]
  0x00000000060cd000 JavaThread "CompilerThread1" daemon [_thread_in_vm, id=159076, stack(0x0000000006580000,0x0000000006680000)]
=>0x00000000002cc000 JavaThread "CompilerThread0" daemon [_thread_in_vm, id=168116, stack(0x0000000006480000,0x0000000006580000)]
  0x00000000002c2000 JavaThread "Attach Listener" daemon [_thread_blocked, id=168632, stack(0x0000000006380000,0x0000000006480000)]
  0x00000000002c0800 JavaThread "Signal Dispatcher" daemon [_thread_blocked, id=168328, stack(0x0000000006280000,0x0000000006380000)]
  0x00000000002ae000 JavaThread "Finalizer" daemon [_thread_blocked, id=168300, stack(0x0000000005f80000,0x0000000006080000)]
  0x00000000002a5000 JavaThread "Reference Handler" daemon [_thread_blocked, id=168008, stack(0x0000000005e80000,0x0000000005f80000)]
  0x000000000057c000 JavaThread "main" [_thread_blocked, id=164824, stack(0x00000000023c0000,0x00000000024c0000)]

Other Threads:
  0x00000000002a0800 VMThread [stack: 0x0000000005d80000,0x0000000005e80000] [id=168900]
  0x00000000060d9000 WatcherThread [stack: 0x0000000006780000,0x0000000006880000] [id=168304]

VM state:not at safepoint (normal execution)

VM Mutex/Monitor currently owned by a thread:  ([mutex/lock_event])
[0x00000000005786b0] CodeCache_lock - owner thread: 0x00000000002cc000
[0x000000000057b060] Compile_lock - owner thread: 0x00000000002cc000
[0x000000000057b160] MethodCompileQueue_lock - owner thread: 0x00000000002cc000

Heap
 PSYoungGen      total 19136K, used 11216K [0x00000000eaab0000, 0x00000000ed010000, 0x0000000100000000)
  eden space 16448K, 52% used [0x00000000eaab0000,0x00000000eb30bdc8,0x00000000ebac0000)
  from space 2688K, 98% used [0x00000000ebac0000,0x00000000ebd58468,0x00000000ebd60000)
  to   space 2688K, 0% used [0x00000000ecd70000,0x00000000ecd70000,0x00000000ed010000)
 PSOldGen        total 43712K, used 21568K [0x00000000c0000000, 0x00000000c2ab0000, 0x00000000eaab0000)
  object space 43712K, 49% used [0x00000000c0000000,0x00000000c15100a8,0x00000000c2ab0000)
 PSPermGen       total 21248K, used 6913K [0x00000000bae00000, 0x00000000bc2c0000, 0x00000000c0000000)
  object space 21248K, 32% used [0x00000000bae00000,0x00000000bb4c05f0,0x00000000bc2c0000)

Dynamic libraries:
0x0000000000400000 - 0x000000000042e000 	C:\Program Files\Java\jre6\bin\javaw.exe
0x0000000077250000 - 0x00000000773f9000 	C:\Windows\SYSTEM32\ntdll.dll
0x0000000077130000 - 0x000000007724f000 	C:\Windows\system32\kernel32.dll
0x000007fefd6a0000 - 0x000007fefd70c000 	C:\Windows\system32\KERNELBASE.dll
0x000007fefdac0000 - 0x000007fefdb9b000 	C:\Windows\system32\ADVAPI32.dll
0x000007fefddf0000 - 0x000007fefde8f000 	C:\Windows\system32\msvcrt.dll
0x000007fefef20000 - 0x000007fefef3f000 	C:\Windows\SYSTEM32\sechost.dll
0x000007fefedd0000 - 0x000007fefeefd000 	C:\Windows\system32\RPCRT4.dll
0x0000000077030000 - 0x000000007712a000 	C:\Windows\system32\USER32.dll
0x000007fefdd40000 - 0x000007fefdda7000 	C:\Windows\system32\GDI32.dll
0x000007fefdcb0000 - 0x000007fefdcbe000 	C:\Windows\system32\LPK.dll
0x000007fefed00000 - 0x000007fefedc9000 	C:\Windows\system32\USP10.dll
0x000007fefddc0000 - 0x000007fefddee000 	C:\Windows\system32\IMM32.DLL
0x000007fefdba0000 - 0x000007fefdca9000 	C:\Windows\system32\MSCTF.dll
0x000000006d7f0000 - 0x000000006dee0000 	C:\Program Files\Java\jre6\bin\server\jvm.dll
0x000007fefa790000 - 0x000007fefa7cb000 	C:\Windows\system32\WINMM.dll
0x000000006d760000 - 0x000000006d76e000 	C:\Program Files\Java\jre6\bin\verify.dll
0x000000006d3b0000 - 0x000000006d3d7000 	C:\Program Files\Java\jre6\bin\java.dll
0x000000006d310000 - 0x000000006d31a000 	C:\Program Files\Java\jre6\bin\hpi.dll
0x0000000077420000 - 0x0000000077427000 	C:\Windows\system32\PSAPI.DLL
0x000000006d7b0000 - 0x000000006d7c2000 	C:\Program Files\Java\jre6\bin\zip.dll
0x000000006d510000 - 0x000000006d53e000 	C:\Program Files\Java\jre6\bin\jsound.dll
0x000007fefb9c0000 - 0x000007fefba0b000 	C:\Windows\system32\MMDevAPI.DLL
0x000007fefbed0000 - 0x000007fefbffc000 	C:\Windows\system32\PROPSYS.dll
0x000007fefef40000 - 0x000007feff143000 	C:\Windows\system32\ole32.dll
0x000007fefec20000 - 0x000007fefecf7000 	C:\Windows\system32\OLEAUT32.dll
0x000007fefa6a0000 - 0x000007fefa6db000 	C:\Windows\system32\wdmaud.drv
0x0000000074ae0000 - 0x0000000074ae6000 	C:\Windows\system32\ksuser.dll
0x000007fefa7d0000 - 0x000007fefa7d9000 	C:\Windows\system32\AVRT.dll
0x000007feff150000 - 0x000007feff327000 	C:\Windows\system32\SETUPAPI.dll
0x000007fefd730000 - 0x000007fefd766000 	C:\Windows\system32\CFGMGR32.dll
0x000007fefd710000 - 0x000007fefd72a000 	C:\Windows\system32\DEVOBJ.dll
0x000007fefd950000 - 0x000007fefd9c1000 	C:\Windows\system32\SHLWAPI.dll
0x000007fefa4f0000 - 0x000007fefa53f000 	C:\Windows\system32\AUDIOSES.DLL
0x000007fefa340000 - 0x000007fefa34a000 	C:\Windows\system32\msacm32.drv
0x000007fefa320000 - 0x000007fefa338000 	C:\Windows\system32\MSACM32.dll
0x000007fefa310000 - 0x000007fefa319000 	C:\Windows\system32\midimap.dll
0x000007fefbdd0000 - 0x000007fefbe26000 	C:\Windows\system32\uxtheme.dll
0x0000000180000000 - 0x000000018004d000 	C:\Program Files\Babylon\Babylon-Pro\Captlib64.dll
0x000007fefac20000 - 0x000007fefac74000 	C:\Windows\system32\OLEACC.dll
0x0000000076b70000 - 0x0000000076ccb000 	C:\Windows\system32\WININET.dll
0x0000000077410000 - 0x0000000077413000 	C:\Windows\system32\Normaliz.dll
0x0000000076e20000 - 0x000000007702f000 	C:\Windows\system32\iertutil.dll
0x0000000076cd0000 - 0x0000000076e1d000 	C:\Windows\system32\urlmon.dll
0x000007fefd3b0000 - 0x000007fefd3bf000 	C:\Windows\system32\CRYPTBASE.dll

VM Arguments:
jvm_args: -Dfile.encoding=Cp1255 
java_command: edu.cmu.sphinx.demo.helloworld.HelloWorld
Launcher Type: SUN_STANDARD

Environment Variables:
CLASSPATH=.;C:\Program Files (x86)\Java\jre6\lib\ext\QTJava.zip
PATH=C:\Program Files (x86)\AMD APP\bin\x86_64;C:\Program Files (x86)\AMD APP\bin\x86;C:\Python27\;C:\Python27\Scripts;C:\Perl\site\bin;C:\Perl\bin;C:\Program Files (x86)\PC Connectivity Solution\;C:\Program Files\Common Files\Microsoft Shared\Windows Live;C:\Program Files (x86)\Common Files\Microsoft Shared\Windows Live;C:\Perl64\site\bin;C:\Perl64\bin;C:\Windows\system32;C:\Windows;C:\Windows\System32\Wbem;C:\Windows\System32\WindowsPowerShell\v1.0\;C:\Program Files (x86)\Smart Projects\IsoBuster;C:\Program Files (x86)\ATI Technologies\ATI.ACE\Core-Static;C:\Program Files (x86)\Windows Live\Shared;C:\Windows\system32\wbem;C:\Program Files (x86)\IVT Corporation\BlueSoleil\Mobile;C:\Program Files (x86)\QuickTime\QTSystem\;C:\Program Files (x86)\GTK2-Runtime\bin;C:\Program Files (x86)\Microsoft SQL Server\100\Tools\Binn\;C:\Program Files\Microsoft SQL Server\100\Tools\Binn\;C:\Program Files\Microsoft SQL Server\100\DTS\Binn\;C:\Python27\;C:\Python27\Scripts;C:\Perl\site\bin;C:\Perl\bin;C:\Program Files (x86)\AMD APP\bin\x86_64;C:\Program Files (x86)\AMD APP\bin\x86;C:\Program Files (x86)\PC Connectivity Solution\;C:\Program Files\Common Files\Microsoft Shared\Windows Live;C:\Program Files (x86)\Common Files\Microsoft Shared\Windows Live;C:\Perl64\site\bin;C:\Perl64\bin;C:\Windows\system32;C:\Windows;C:\Windows\System32\Wbem;C:\Windows\System32\WindowsPowerShell\v1.0\;C:\Program Files (x86)\Smart Projects\IsoBuster;C:\Program Files (x86)\ATI Technologies\ATI.ACE\Core-Static;C:\Program Files (x86)\Windows Live\Shared;C:\Windows\system32\wbem;C:\Program Files (x86)\IVT Corporation\BlueSoleil\Mobile;C:\Program Files (x86)\QuickTime\QTSystem\;C:\Users\shulix\AppData\Roaming\Python\Scripts
USERNAME=shulix
OS=Windows_NT
PROCESSOR_IDENTIFIER=Intel64 Family 6 Model 15 Stepping 11, GenuineIntel



---------------  S Y S T E M  ---------------

OS: Windows 7 Build 7601 Service Pack 1

CPU:total 2 (2 cores per cpu, 1 threads per core) family 6 model 15 stepping 11, cmov, cx8, fxsr, mmx, sse, sse2, sse3, ssse3

Memory: 4k page, physical 4192760k(1868880k free), swap 6288060k(1382416k free)

vm_info: Java HotSpot(TM) 64-Bit Server VM (19.0-b09) for windows-amd64 JRE (1.6.0_23-b05), built on Nov 13 2010 02:43:42 by "java_re" with MS VC++ 8.0 (VS2005)

time: Tue Sep 04 22:11:05 2012
elapsed time: 2 seconds

